16-11-25 05:14:49 PM - NoClass.browser_setup - INFO - No browser specified in run time
16-11-25 05:14:49 PM - NoClass.browser_setup - INFO - Opening chrome browser
16-11-25 05:14:52 PM - Login.__init__ - INFO - username set successfully as student
16-11-25 05:14:53 PM - Login.__init__ - INFO - username set successfully as Password123
16-11-25 05:14:53 PM - Login.__init__ - INFO - login button is clicked successfully
16-11-25 05:14:54 PM - Login.__init__ - INFO - logout button is clicked successfully
16-11-25 05:14:54 PM - Login.__init__ - INFO - New page Loaded - Test Login | Practice Test Automation
16-11-25 05:14:54 PM - Login.__init__ - INFO - driver in page - Test Login | Practice Test Automation
16-11-25 05:14:54 PM - TestLogin.class_setup - INFO - Test completed successfully
16-11-25 05:14:54 PM - NoClass.browser_setup - INFO - No browser specified in run time
16-11-25 05:14:54 PM - NoClass.browser_setup - INFO - Opening chrome browser
16-11-25 05:14:57 PM - Login.__init__ - INFO - username set successfully as incorrectUser
16-11-25 05:14:58 PM - Login.__init__ - INFO - username set successfully as Password123
16-11-25 05:14:58 PM - Login.__init__ - INFO - login button is clicked successfully
16-11-25 05:14:58 PM - TestLogin.class_setup - INFO - Test completed successfully
16-11-25 05:14:58 PM - NoClass.browser_setup - INFO - No browser specified in run time
16-11-25 05:14:58 PM - NoClass.browser_setup - INFO - Opening chrome browser
16-11-25 05:15:01 PM - Login.__init__ - INFO - username set successfully as student
16-11-25 05:15:01 PM - Login.__init__ - INFO - username set successfully as IncorrectPassword
16-11-25 05:15:02 PM - Login.__init__ - INFO - login button is clicked successfully
16-11-25 05:15:02 PM - TestLogin.class_setup - ERROR - Test failed
16-11-25 05:15:02 PM - TestLogin.class_setup - ERROR - assert False
16-11-25 05:15:02 PM - NoClass.browser_setup - INFO - No browser specified in run time
16-11-25 05:15:02 PM - NoClass.browser_setup - INFO - Opening chrome browser
16-11-25 05:15:05 PM - Login.__init__ - INFO - username set successfully as student
16-11-25 05:15:05 PM - Login.__init__ - INFO - username set successfully as Password123
16-11-25 05:15:06 PM - Login.__init__ - INFO - login button is clicked successfully
16-11-25 05:15:07 PM - Login.__init__ - INFO - logout button is clicked successfully
16-11-25 05:15:07 PM - Login.__init__ - INFO - New page Loaded - Test Login | Practice Test Automation
16-11-25 05:15:07 PM - Login.__init__ - INFO - driver in page - Test Login | Practice Test Automation
16-11-25 05:15:07 PM - TestLogin.class_setup - ERROR - Test failed
16-11-25 05:15:07 PM - TestLogin.class_setup - ERROR - assert False
16-11-25 05:15:07 PM - NoClass.browser_setup - INFO - No browser specified in run time
16-11-25 05:15:07 PM - NoClass.browser_setup - INFO - Opening chrome browser
16-11-25 05:15:10 PM - Login.__init__ - INFO - username set successfully as incorrectUser
16-11-25 05:15:10 PM - Login.__init__ - INFO - username set successfully as Password123
16-11-25 05:15:10 PM - Login.__init__ - INFO - login button is clicked successfully
16-11-25 05:15:10 PM - TestLogin.class_setup - ERROR - Test failed
16-11-25 05:15:10 PM - TestLogin.class_setup - ERROR - assert False
16-11-25 05:15:11 PM - NoClass.browser_setup - INFO - No browser specified in run time
16-11-25 05:15:11 PM - NoClass.browser_setup - INFO - Opening chrome browser
16-11-25 05:15:14 PM - Login.__init__ - INFO - username set successfully as student
16-11-25 05:15:14 PM - Login.__init__ - INFO - username set successfully as IncorrectPassword
16-11-25 05:15:14 PM - Login.__init__ - INFO - login button is clicked successfully
16-11-25 05:15:14 PM - TestLogin.class_setup - INFO - Test completed successfully
16-11-25 05:17:23 PM - NoClass.browser_setup - INFO - No browser specified in run time
16-11-25 05:17:23 PM - NoClass.browser_setup - INFO - Opening chrome browser
16-11-25 05:17:27 PM - Login.__init__ - INFO - username set successfully as student
16-11-25 05:17:27 PM - Login.__init__ - INFO - username set successfully as Password123
16-11-25 05:17:27 PM - Login.__init__ - INFO - login button is clicked successfully
16-11-25 05:17:34 PM - Login.__init__ - INFO - logout button is clicked successfully
16-11-25 05:17:34 PM - Login.__init__ - INFO - New page Loaded - Test Login | Practice Test Automation
16-11-25 05:17:34 PM - Login.__init__ - INFO - driver in page - Test Login | Practice Test Automation
16-11-25 05:17:34 PM - TestLogin.class_setup - INFO - Test completed successfully
16-11-25 05:17:34 PM - NoClass.browser_setup - INFO - No browser specified in run time
16-11-25 05:17:34 PM - NoClass.browser_setup - INFO - Opening chrome browser
16-11-25 05:17:37 PM - Login.__init__ - INFO - username set successfully as incorrectUser
16-11-25 05:17:38 PM - Login.__init__ - INFO - username set successfully as Password123
16-11-25 05:17:38 PM - Login.__init__ - INFO - login button is clicked successfully
16-11-25 05:17:43 PM - TestLogin.class_setup - INFO - Test completed successfully
16-11-25 05:17:43 PM - NoClass.browser_setup - INFO - No browser specified in run time
16-11-25 05:17:43 PM - NoClass.browser_setup - INFO - Opening chrome browser
16-11-25 05:17:46 PM - Login.__init__ - INFO - username set successfully as student
16-11-25 05:17:46 PM - Login.__init__ - INFO - username set successfully as IncorrectPassword
16-11-25 05:17:46 PM - Login.__init__ - INFO - login button is clicked successfully
16-11-25 05:17:51 PM - TestLogin.class_setup - INFO - Test completed successfully
16-11-25 05:17:52 PM - NoClass.browser_setup - INFO - No browser specified in run time
16-11-25 05:17:52 PM - NoClass.browser_setup - INFO - Opening chrome browser
16-11-25 05:17:55 PM - Login.__init__ - INFO - username set successfully as student
16-11-25 05:17:55 PM - Login.__init__ - INFO - username set successfully as Password123
16-11-25 05:17:56 PM - Login.__init__ - INFO - login button is clicked successfully
16-11-25 05:18:02 PM - Login.__init__ - INFO - logout button is clicked successfully
16-11-25 05:18:02 PM - Login.__init__ - INFO - New page Loaded - Test Login | Practice Test Automation
16-11-25 05:18:02 PM - Login.__init__ - INFO - driver in page - Test Login | Practice Test Automation
16-11-25 05:18:02 PM - TestLogin.class_setup - ERROR - Test failed
16-11-25 05:18:02 PM - TestLogin.class_setup - ERROR - assert False
16-11-25 05:18:02 PM - NoClass.browser_setup - INFO - No browser specified in run time
16-11-25 05:18:02 PM - NoClass.browser_setup - INFO - Opening chrome browser
16-11-25 05:18:05 PM - Login.__init__ - INFO - username set successfully as incorrectUser
16-11-25 05:18:05 PM - Login.__init__ - INFO - username set successfully as Password123
16-11-25 05:18:06 PM - Login.__init__ - INFO - login button is clicked successfully
16-11-25 05:18:11 PM - TestLogin.class_setup - ERROR - Test failed
16-11-25 05:18:11 PM - TestLogin.class_setup - ERROR - assert False
16-11-25 05:18:11 PM - NoClass.browser_setup - INFO - No browser specified in run time
16-11-25 05:18:11 PM - NoClass.browser_setup - INFO - Opening chrome browser
16-11-25 05:18:14 PM - Login.__init__ - INFO - username set successfully as student
16-11-25 05:18:14 PM - Login.__init__ - INFO - username set successfully as IncorrectPassword
16-11-25 05:18:14 PM - Login.__init__ - INFO - login button is clicked successfully
16-11-25 05:18:20 PM - TestLogin.class_setup - INFO - Test completed successfully
16-11-25 05:35:59 PM - NoClass.browser_setup - INFO - No browser specified in run time
16-11-25 05:35:59 PM - NoClass.browser_setup - INFO - Opening chrome browser
16-11-25 05:36:03 PM - Login.__init__ - INFO - username set successfully as student
16-11-25 05:36:03 PM - Login.__init__ - INFO - username set successfully as Password123
16-11-25 05:36:04 PM - Login.__init__ - INFO - login button is clicked successfully
16-11-25 05:36:10 PM - Login.__init__ - INFO - logout button is clicked successfully
16-11-25 05:36:10 PM - Login.__init__ - INFO - New page Loaded - Test Login | Practice Test Automation
16-11-25 05:36:10 PM - Login.__init__ - INFO - driver in page - Test Login | Practice Test Automation
16-11-25 05:36:10 PM - TestLogin.class_setup - INFO - Test completed successfully
16-11-25 05:36:10 PM - NoClass.browser_setup - INFO - No browser specified in run time
16-11-25 05:36:10 PM - NoClass.browser_setup - INFO - Opening chrome browser
16-11-25 05:36:14 PM - Login.__init__ - INFO - username set successfully as incorrectUser
16-11-25 05:36:14 PM - Login.__init__ - INFO - username set successfully as Password123
16-11-25 05:36:14 PM - Login.__init__ - INFO - login button is clicked successfully
16-11-25 05:36:19 PM - TestLogin.class_setup - INFO - Test completed successfully
16-11-25 05:36:19 PM - NoClass.browser_setup - INFO - No browser specified in run time
16-11-25 05:36:19 PM - NoClass.browser_setup - INFO - Opening chrome browser
16-11-25 05:36:23 PM - Login.__init__ - INFO - username set successfully as student
16-11-25 05:36:23 PM - Login.__init__ - INFO - username set successfully as incorrectPassword
16-11-25 05:36:23 PM - Login.__init__ - INFO - login button is clicked successfully
16-11-25 05:36:28 PM - TestLogin.class_setup - INFO - Test completed successfully
16-11-25 05:39:54 PM - NoClass.browser_setup - INFO - No browser specified in run time
16-11-25 05:39:54 PM - NoClass.browser_setup - INFO - Opening chrome browser
16-11-25 05:39:58 PM - Login.__init__ - INFO - username set successfully as student
16-11-25 05:39:58 PM - Login.__init__ - INFO - username set successfully as Password123
16-11-25 05:39:59 PM - Login.__init__ - INFO - login button is clicked successfully
16-11-25 05:40:05 PM - Login.__init__ - INFO - logout button is clicked successfully
16-11-25 05:40:05 PM - Login.__init__ - INFO - New page Loaded - Test Login | Practice Test Automation
16-11-25 05:40:05 PM - Login.__init__ - INFO - driver in page - Test Login | Practice Test Automation
16-11-25 05:40:05 PM - TestLogin.class_setup - INFO - Test completed successfully
16-11-25 05:40:05 PM - NoClass.browser_setup - INFO - No browser specified in run time
16-11-25 05:40:05 PM - NoClass.browser_setup - INFO - Opening chrome browser
16-11-25 05:40:08 PM - Login.__init__ - INFO - username set successfully as incorrectUser
16-11-25 05:40:08 PM - Login.__init__ - INFO - username set successfully as Password123
16-11-25 05:40:08 PM - Login.__init__ - INFO - login button is clicked successfully
16-11-25 05:40:13 PM - TestLogin.class_setup - INFO - Test completed successfully
16-11-25 05:40:14 PM - NoClass.browser_setup - INFO - No browser specified in run time
16-11-25 05:40:14 PM - NoClass.browser_setup - INFO - Opening chrome browser
16-11-25 05:40:17 PM - Login.__init__ - INFO - username set successfully as student
16-11-25 05:40:17 PM - Login.__init__ - INFO - username set successfully as IncorrectPassword
16-11-25 05:40:17 PM - Login.__init__ - INFO - login button is clicked successfully
16-11-25 05:40:23 PM - TestLogin.class_setup - INFO - Test completed successfully
16-11-25 05:40:23 PM - NoClass.browser_setup - INFO - No browser specified in run time
16-11-25 05:40:23 PM - NoClass.browser_setup - INFO - Opening chrome browser
16-11-25 05:40:26 PM - Login.__init__ - INFO - username set successfully as student
16-11-25 05:40:26 PM - Login.__init__ - INFO - username set successfully as Password123
16-11-25 05:40:27 PM - Login.__init__ - INFO - login button is clicked successfully
16-11-25 05:40:33 PM - Login.__init__ - INFO - logout button is clicked successfully
16-11-25 05:40:33 PM - Login.__init__ - INFO - New page Loaded - Test Login | Practice Test Automation
16-11-25 05:40:33 PM - Login.__init__ - INFO - driver in page - Test Login | Practice Test Automation
16-11-25 05:40:33 PM - TestLogin.class_setup - ERROR - Test failed
16-11-25 05:40:33 PM - TestLogin.class_setup - ERROR - assert False
16-11-25 05:40:33 PM - NoClass.browser_setup - INFO - No browser specified in run time
16-11-25 05:40:33 PM - NoClass.browser_setup - INFO - Opening chrome browser
16-11-25 05:40:37 PM - Login.__init__ - INFO - username set successfully as incorrectUser
16-11-25 05:40:37 PM - Login.__init__ - INFO - username set successfully as Password123
16-11-25 05:40:37 PM - Login.__init__ - INFO - login button is clicked successfully
16-11-25 05:40:42 PM - TestLogin.class_setup - ERROR - Test failed
16-11-25 05:40:42 PM - TestLogin.class_setup - ERROR - assert False
16-11-25 05:40:42 PM - NoClass.browser_setup - INFO - No browser specified in run time
16-11-25 05:40:42 PM - NoClass.browser_setup - INFO - Opening chrome browser
16-11-25 05:40:46 PM - Login.__init__ - INFO - username set successfully as student
16-11-25 05:40:46 PM - Login.__init__ - INFO - username set successfully as IncorrectPassword
16-11-25 05:40:46 PM - Login.__init__ - INFO - login button is clicked successfully
16-11-25 05:40:51 PM - TestLogin.class_setup - INFO - Test completed successfully
17-11-25 06:57:18 PM - NoClass.browser_setup - INFO - No browser specified in run time
17-11-25 06:57:18 PM - NoClass.browser_setup - INFO - Opening chrome browser
17-11-25 06:57:22 PM - Login.__init__ - INFO - username set successfully as student
17-11-25 06:57:22 PM - Login.__init__ - INFO - username set successfully as Password123
17-11-25 06:57:23 PM - Login.__init__ - INFO - login button is clicked successfully
17-11-25 06:57:26 PM - Login.__init__ - INFO - logout button is clicked successfully
17-11-25 06:57:26 PM - Login.__init__ - INFO - New page Loaded - Test Login | Practice Test Automation
17-11-25 06:57:26 PM - Login.__init__ - INFO - driver in page - Test Login | Practice Test Automation
17-11-25 06:57:26 PM - TestLogin.class_setup - INFO - Test completed successfully
17-11-25 06:57:27 PM - NoClass.browser_setup - INFO - No browser specified in run time
17-11-25 06:57:27 PM - NoClass.browser_setup - INFO - Opening chrome browser
17-11-25 06:57:31 PM - Login.__init__ - INFO - username set successfully as incorrectUser
17-11-25 06:57:31 PM - Login.__init__ - INFO - username set successfully as Password123
17-11-25 06:57:32 PM - Login.__init__ - INFO - login button is clicked successfully
17-11-25 06:57:34 PM - TestLogin.class_setup - INFO - Test completed successfully
17-11-25 06:57:34 PM - NoClass.browser_setup - INFO - No browser specified in run time
17-11-25 06:57:34 PM - NoClass.browser_setup - INFO - Opening chrome browser
17-11-25 06:57:38 PM - Login.__init__ - INFO - username set successfully as student
17-11-25 06:57:39 PM - Login.__init__ - INFO - username set successfully as IncorrectPassword
17-11-25 06:57:39 PM - Login.__init__ - INFO - login button is clicked successfully
17-11-25 06:57:41 PM - TestLogin.class_setup - INFO - Test completed successfully
17-11-25 06:57:41 PM - NoClass.browser_setup - INFO - No browser specified in run time
17-11-25 06:57:41 PM - NoClass.browser_setup - INFO - Opening chrome browser
17-11-25 06:57:45 PM - Login.__init__ - INFO - username set successfully as student
17-11-25 06:57:46 PM - Login.__init__ - INFO - username set successfully as Password123
17-11-25 06:57:47 PM - Login.__init__ - INFO - login button is clicked successfully
17-11-25 06:57:50 PM - Login.__init__ - INFO - logout button is clicked successfully
17-11-25 06:57:50 PM - Login.__init__ - INFO - New page Loaded - Test Login | Practice Test Automation
17-11-25 06:57:50 PM - Login.__init__ - INFO - driver in page - Test Login | Practice Test Automation
17-11-25 06:57:50 PM - TestLogin.class_setup - ERROR - Test failed
17-11-25 06:57:50 PM - TestLogin.class_setup - ERROR - assert False
17-11-25 06:57:51 PM - NoClass.browser_setup - INFO - No browser specified in run time
17-11-25 06:57:51 PM - NoClass.browser_setup - INFO - Opening chrome browser
17-11-25 06:57:55 PM - Login.__init__ - INFO - username set successfully as incorrectUser
17-11-25 06:57:56 PM - Login.__init__ - INFO - username set successfully as Password123
17-11-25 06:57:56 PM - Login.__init__ - INFO - login button is clicked successfully
17-11-25 06:57:58 PM - TestLogin.class_setup - ERROR - Test failed
17-11-25 06:57:58 PM - TestLogin.class_setup - ERROR - assert False
17-11-25 06:57:58 PM - NoClass.browser_setup - INFO - No browser specified in run time
17-11-25 06:57:58 PM - NoClass.browser_setup - INFO - Opening chrome browser
17-11-25 06:58:03 PM - Login.__init__ - INFO - username set successfully as student
17-11-25 06:58:03 PM - Login.__init__ - INFO - username set successfully as IncorrectPassword
17-11-25 06:58:03 PM - Login.__init__ - INFO - login button is clicked successfully
17-11-25 06:58:05 PM - TestLogin.class_setup - INFO - Test completed successfully
17-11-25 07:44:20 PM - NoClass.browser_setup - INFO - No browser specified in run time
17-11-25 07:44:20 PM - NoClass.browser_setup - INFO - Opening chrome browser
17-11-25 07:44:24 PM - Login.__init__ - INFO - username set successfully as student
17-11-25 07:44:25 PM - Login.__init__ - INFO - username set successfully as Password123
17-11-25 07:44:26 PM - Login.__init__ - INFO - login button is clicked successfully
17-11-25 07:44:28 PM - Login.__init__ - INFO - logout button is clicked successfully
17-11-25 07:44:28 PM - Login.__init__ - INFO - New page Loaded - Test Login | Practice Test Automation
17-11-25 07:44:28 PM - Login.__init__ - INFO - driver in page - Test Login | Practice Test Automation
17-11-25 07:44:28 PM - NoClass.browser_setup - INFO - No browser specified in run time
17-11-25 07:44:28 PM - NoClass.browser_setup - INFO - Opening chrome browser
17-11-25 07:44:33 PM - Login.__init__ - INFO - username set successfully as incorrectUser
17-11-25 07:44:33 PM - Login.__init__ - INFO - username set successfully as Password123
17-11-25 07:44:34 PM - Login.__init__ - INFO - login button is clicked successfully
17-11-25 07:44:36 PM - NoClass.browser_setup - INFO - No browser specified in run time
17-11-25 07:44:36 PM - NoClass.browser_setup - INFO - Opening chrome browser
17-11-25 07:44:41 PM - Login.__init__ - INFO - username set successfully as student
17-11-25 07:44:41 PM - Login.__init__ - INFO - username set successfully as incorrectPassword
17-11-25 07:44:41 PM - Login.__init__ - INFO - login button is clicked successfully
17-11-25 07:44:43 PM - NoClass.browser_setup - INFO - No browser specified in run time
17-11-25 07:44:43 PM - NoClass.browser_setup - INFO - Opening chrome browser
17-11-25 07:44:47 PM - Login.__init__ - INFO - username set successfully as student
17-11-25 07:44:48 PM - Login.__init__ - INFO - username set successfully as Password123
17-11-25 07:44:48 PM - Login.__init__ - INFO - login button is clicked successfully
17-11-25 07:44:52 PM - Login.__init__ - INFO - logout button is clicked successfully
17-11-25 07:44:52 PM - Login.__init__ - INFO - New page Loaded - Test Login | Practice Test Automation
17-11-25 07:44:52 PM - Login.__init__ - INFO - driver in page - Test Login | Practice Test Automation
17-11-25 07:44:52 PM - TestLogin.class_setup - INFO - Test completed successfully
17-11-25 07:44:52 PM - NoClass.browser_setup - INFO - No browser specified in run time
17-11-25 07:44:52 PM - NoClass.browser_setup - INFO - Opening chrome browser
17-11-25 07:44:56 PM - Login.__init__ - INFO - username set successfully as incorrectUser
17-11-25 07:44:57 PM - Login.__init__ - INFO - username set successfully as Password123
17-11-25 07:44:57 PM - Login.__init__ - INFO - login button is clicked successfully
17-11-25 07:44:59 PM - TestLogin.class_setup - INFO - Test completed successfully
17-11-25 07:44:59 PM - NoClass.browser_setup - INFO - No browser specified in run time
17-11-25 07:44:59 PM - NoClass.browser_setup - INFO - Opening chrome browser
17-11-25 07:45:03 PM - Login.__init__ - INFO - username set successfully as student
17-11-25 07:45:04 PM - Login.__init__ - INFO - username set successfully as IncorrectPassword
17-11-25 07:45:04 PM - Login.__init__ - INFO - login button is clicked successfully
17-11-25 07:45:06 PM - TestLogin.class_setup - INFO - Test completed successfully
17-11-25 07:45:06 PM - NoClass.browser_setup - INFO - No browser specified in run time
17-11-25 07:45:06 PM - NoClass.browser_setup - INFO - Opening chrome browser
17-11-25 07:45:10 PM - Login.__init__ - INFO - username set successfully as student
17-11-25 07:45:10 PM - Login.__init__ - INFO - username set successfully as Password123
17-11-25 07:45:11 PM - Login.__init__ - INFO - login button is clicked successfully
17-11-25 07:45:15 PM - Login.__init__ - INFO - logout button is clicked successfully
17-11-25 07:45:15 PM - Login.__init__ - INFO - New page Loaded - Test Login | Practice Test Automation
17-11-25 07:45:15 PM - Login.__init__ - INFO - driver in page - Test Login | Practice Test Automation
17-11-25 07:45:15 PM - TestLogin.class_setup - ERROR - Test failed
17-11-25 07:45:15 PM - TestLogin.class_setup - ERROR - assert False
17-11-25 07:45:15 PM - NoClass.browser_setup - INFO - No browser specified in run time
17-11-25 07:45:15 PM - NoClass.browser_setup - INFO - Opening chrome browser
17-11-25 07:45:20 PM - Login.__init__ - INFO - username set successfully as incorrectUser
17-11-25 07:45:20 PM - Login.__init__ - INFO - username set successfully as Password123
17-11-25 07:45:20 PM - Login.__init__ - INFO - login button is clicked successfully
17-11-25 07:45:22 PM - TestLogin.class_setup - ERROR - Test failed
17-11-25 07:45:22 PM - TestLogin.class_setup - ERROR - assert False
17-11-25 07:45:22 PM - NoClass.browser_setup - INFO - No browser specified in run time
17-11-25 07:45:22 PM - NoClass.browser_setup - INFO - Opening chrome browser
17-11-25 07:45:27 PM - Login.__init__ - INFO - username set successfully as student
17-11-25 07:45:27 PM - Login.__init__ - INFO - username set successfully as IncorrectPassword
17-11-25 07:45:27 PM - Login.__init__ - INFO - login button is clicked successfully
17-11-25 07:45:29 PM - TestLogin.class_setup - INFO - Test completed successfully
17-11-25 07:49:18 PM - NoClass.browser_setup - INFO - No browser specified in run time
17-11-25 07:49:18 PM - NoClass.browser_setup - INFO - Opening chrome browser
17-11-25 07:49:22 PM - Login.__init__ - INFO - username set successfully as student
17-11-25 07:49:23 PM - Login.__init__ - INFO - username set successfully as Password123
17-11-25 07:49:24 PM - Login.__init__ - INFO - login button is clicked successfully
17-11-25 07:49:27 PM - Login.__init__ - INFO - logout button is clicked successfully
17-11-25 07:49:27 PM - Login.__init__ - INFO - New page Loaded - Test Login | Practice Test Automation
17-11-25 07:49:27 PM - Login.__init__ - INFO - driver in page - Test Login | Practice Test Automation
17-11-25 07:49:27 PM - NoClass.browser_setup - INFO - No browser specified in run time
17-11-25 07:49:27 PM - NoClass.browser_setup - INFO - Opening chrome browser
17-11-25 07:49:32 PM - Login.__init__ - INFO - username set successfully as incorrectUser
17-11-25 07:49:32 PM - Login.__init__ - INFO - username set successfully as Password123
17-11-25 07:49:32 PM - Login.__init__ - INFO - login button is clicked successfully
17-11-25 07:49:34 PM - NoClass.browser_setup - INFO - No browser specified in run time
17-11-25 07:49:34 PM - NoClass.browser_setup - INFO - Opening chrome browser
17-11-25 07:49:39 PM - Login.__init__ - INFO - username set successfully as student
17-11-25 07:49:39 PM - Login.__init__ - INFO - username set successfully as incorrectPassword
17-11-25 07:49:39 PM - Login.__init__ - INFO - login button is clicked successfully
17-11-25 07:49:42 PM - NoClass.browser_setup - INFO - No browser specified in run time
17-11-25 07:49:42 PM - NoClass.browser_setup - INFO - Opening chrome browser
17-11-25 07:49:46 PM - Login.__init__ - INFO - username set successfully as student
17-11-25 07:49:46 PM - Login.__init__ - INFO - username set successfully as Password123
17-11-25 07:49:47 PM - Login.__init__ - INFO - login button is clicked successfully
17-11-25 07:49:50 PM - Login.__init__ - INFO - logout button is clicked successfully
17-11-25 07:49:50 PM - Login.__init__ - INFO - New page Loaded - Test Login | Practice Test Automation
17-11-25 07:49:50 PM - Login.__init__ - INFO - driver in page - Test Login | Practice Test Automation
17-11-25 07:49:50 PM - TestLogin.class_setup - INFO - Test completed successfully
17-11-25 07:49:51 PM - NoClass.browser_setup - INFO - No browser specified in run time
17-11-25 07:49:51 PM - NoClass.browser_setup - INFO - Opening chrome browser
17-11-25 07:49:55 PM - Login.__init__ - INFO - username set successfully as incorrectUser
17-11-25 07:49:55 PM - Login.__init__ - INFO - username set successfully as Password123
17-11-25 07:49:56 PM - Login.__init__ - INFO - login button is clicked successfully
17-11-25 07:49:58 PM - TestLogin.class_setup - INFO - Test completed successfully
17-11-25 07:49:58 PM - NoClass.browser_setup - INFO - No browser specified in run time
17-11-25 07:49:58 PM - NoClass.browser_setup - INFO - Opening chrome browser
17-11-25 07:50:03 PM - Login.__init__ - INFO - username set successfully as student
17-11-25 07:50:03 PM - Login.__init__ - INFO - username set successfully as IncorrectPassword
17-11-25 07:50:04 PM - Login.__init__ - INFO - login button is clicked successfully
17-11-25 07:50:06 PM - TestLogin.class_setup - INFO - Test completed successfully
17-11-25 07:50:06 PM - NoClass.browser_setup - INFO - No browser specified in run time
17-11-25 07:50:06 PM - NoClass.browser_setup - INFO - Opening chrome browser
17-11-25 07:50:11 PM - Login.__init__ - INFO - username set successfully as student
17-11-25 07:50:11 PM - Login.__init__ - INFO - username set successfully as Password123
17-11-25 07:50:12 PM - Login.__init__ - INFO - login button is clicked successfully
17-11-25 07:50:16 PM - Login.__init__ - INFO - logout button is clicked successfully
17-11-25 07:50:16 PM - Login.__init__ - INFO - New page Loaded - Test Login | Practice Test Automation
17-11-25 07:50:16 PM - Login.__init__ - INFO - driver in page - Test Login | Practice Test Automation
17-11-25 07:50:16 PM - TestLogin.class_setup - ERROR - Test failed
17-11-25 07:50:16 PM - TestLogin.class_setup - ERROR - assert False
17-11-25 07:50:17 PM - NoClass.browser_setup - INFO - No browser specified in run time
17-11-25 07:50:17 PM - NoClass.browser_setup - INFO - Opening chrome browser
17-11-25 07:50:21 PM - Login.__init__ - INFO - username set successfully as incorrectUser
17-11-25 07:50:21 PM - Login.__init__ - INFO - username set successfully as Password123
17-11-25 07:50:21 PM - Login.__init__ - INFO - login button is clicked successfully
17-11-25 07:50:23 PM - TestLogin.class_setup - ERROR - Test failed
17-11-25 07:50:23 PM - TestLogin.class_setup - ERROR - assert False
17-11-25 07:50:24 PM - NoClass.browser_setup - INFO - No browser specified in run time
17-11-25 07:50:24 PM - NoClass.browser_setup - INFO - Opening chrome browser
17-11-25 07:50:28 PM - Login.__init__ - INFO - username set successfully as student
17-11-25 07:50:29 PM - Login.__init__ - INFO - username set successfully as IncorrectPassword
17-11-25 07:50:29 PM - Login.__init__ - INFO - login button is clicked successfully
17-11-25 07:50:31 PM - TestLogin.class_setup - INFO - Test completed successfully
17-11-25 07:54:49 PM - NoClass.browser_setup - INFO - No browser specified in run time
17-11-25 07:54:49 PM - NoClass.browser_setup - INFO - Opening chrome browser
17-11-25 07:54:54 PM - Login.__init__ - INFO - username set successfully as student
17-11-25 07:54:54 PM - Login.__init__ - INFO - username set successfully as Password123
17-11-25 07:54:55 PM - Login.__init__ - INFO - login button is clicked successfully
17-11-25 07:54:59 PM - Login.__init__ - INFO - logout button is clicked successfully
17-11-25 07:54:59 PM - Login.__init__ - INFO - New page Loaded - Test Login | Practice Test Automation
17-11-25 07:54:59 PM - Login.__init__ - INFO - driver in page - Test Login | Practice Test Automation
17-11-25 07:54:59 PM - NoClass.browser_setup - INFO - No browser specified in run time
17-11-25 07:54:59 PM - NoClass.browser_setup - INFO - Opening chrome browser
17-11-25 07:55:03 PM - Login.__init__ - INFO - username set successfully as incorrectUser
17-11-25 07:55:03 PM - Login.__init__ - INFO - username set successfully as Password123
17-11-25 07:55:04 PM - Login.__init__ - INFO - login button is clicked successfully
17-11-25 07:55:06 PM - NoClass.browser_setup - INFO - No browser specified in run time
17-11-25 07:55:06 PM - NoClass.browser_setup - INFO - Opening chrome browser
17-11-25 07:55:10 PM - Login.__init__ - INFO - username set successfully as student
17-11-25 07:55:11 PM - Login.__init__ - INFO - username set successfully as incorrectPassword
17-11-25 07:55:11 PM - Login.__init__ - INFO - login button is clicked successfully
17-11-25 07:55:13 PM - NoClass.browser_setup - INFO - No browser specified in run time
17-11-25 07:55:13 PM - NoClass.browser_setup - INFO - Opening chrome browser
17-11-25 07:55:17 PM - Login.__init__ - INFO - username set successfully as student
17-11-25 07:55:17 PM - Login.__init__ - INFO - username set successfully as Password123
17-11-25 07:55:18 PM - Login.__init__ - INFO - login button is clicked successfully
17-11-25 07:55:22 PM - Login.__init__ - INFO - logout button is clicked successfully
17-11-25 07:55:22 PM - Login.__init__ - INFO - New page Loaded - Test Login | Practice Test Automation
17-11-25 07:55:22 PM - Login.__init__ - INFO - driver in page - Test Login | Practice Test Automation
17-11-25 07:55:22 PM - TestLogin.class_setup - INFO - Test completed successfully
17-11-25 07:55:22 PM - NoClass.browser_setup - INFO - No browser specified in run time
17-11-25 07:55:22 PM - NoClass.browser_setup - INFO - Opening chrome browser
17-11-25 07:55:26 PM - Login.__init__ - INFO - username set successfully as incorrectUser
17-11-25 07:55:26 PM - Login.__init__ - INFO - username set successfully as Password123
17-11-25 07:55:26 PM - Login.__init__ - INFO - login button is clicked successfully
17-11-25 07:55:29 PM - TestLogin.class_setup - INFO - Test completed successfully
17-11-25 07:55:29 PM - NoClass.browser_setup - INFO - No browser specified in run time
17-11-25 07:55:29 PM - NoClass.browser_setup - INFO - Opening chrome browser
17-11-25 07:55:33 PM - Login.__init__ - INFO - username set successfully as student
17-11-25 07:55:33 PM - Login.__init__ - INFO - username set successfully as IncorrectPassword
17-11-25 07:55:33 PM - Login.__init__ - INFO - login button is clicked successfully
17-11-25 07:55:36 PM - TestLogin.class_setup - INFO - Test completed successfully
17-11-25 07:55:36 PM - NoClass.browser_setup - INFO - No browser specified in run time
17-11-25 07:55:36 PM - NoClass.browser_setup - INFO - Opening chrome browser
17-11-25 07:55:40 PM - Login.__init__ - INFO - username set successfully as student
17-11-25 07:55:40 PM - Login.__init__ - INFO - username set successfully as Password123
17-11-25 07:55:41 PM - Login.__init__ - INFO - login button is clicked successfully
17-11-25 07:55:45 PM - Login.__init__ - INFO - logout button is clicked successfully
17-11-25 07:55:45 PM - Login.__init__ - INFO - New page Loaded - Test Login | Practice Test Automation
17-11-25 07:55:45 PM - Login.__init__ - INFO - driver in page - Test Login | Practice Test Automation
17-11-25 07:55:45 PM - TestLogin.class_setup - ERROR - Test failed
17-11-25 07:55:45 PM - TestLogin.class_setup - ERROR - assert False
17-11-25 07:55:45 PM - NoClass.browser_setup - INFO - No browser specified in run time
17-11-25 07:55:45 PM - NoClass.browser_setup - INFO - Opening chrome browser
17-11-25 07:55:49 PM - Login.__init__ - INFO - username set successfully as incorrectUser
17-11-25 07:55:50 PM - Login.__init__ - INFO - username set successfully as Password123
17-11-25 07:55:50 PM - Login.__init__ - INFO - login button is clicked successfully
17-11-25 07:55:52 PM - TestLogin.class_setup - ERROR - Test failed
17-11-25 07:55:52 PM - TestLogin.class_setup - ERROR - assert False
17-11-25 07:55:52 PM - NoClass.browser_setup - INFO - No browser specified in run time
17-11-25 07:55:52 PM - NoClass.browser_setup - INFO - Opening chrome browser
17-11-25 07:55:57 PM - Login.__init__ - INFO - username set successfully as student
17-11-25 07:55:57 PM - Login.__init__ - INFO - username set successfully as IncorrectPassword
17-11-25 07:55:57 PM - Login.__init__ - INFO - login button is clicked successfully
17-11-25 07:55:59 PM - TestLogin.class_setup - INFO - Test completed successfully
17-11-25 07:55:59 PM - NoClass.browser_setup - INFO - No browser specified in run time
17-11-25 07:55:59 PM - NoClass.browser_setup - INFO - Opening chrome browser
17-11-25 07:56:03 PM - Login.__init__ - INFO - username set successfully as student
17-11-25 07:56:03 PM - Login.__init__ - INFO - username set successfully as Password123
17-11-25 07:56:04 PM - Login.__init__ - INFO - login button is clicked successfully
17-11-25 07:56:08 PM - Login.__init__ - INFO - logout button is clicked successfully
17-11-25 07:56:08 PM - Login.__init__ - INFO - New page Loaded - Test Login | Practice Test Automation
17-11-25 07:56:08 PM - Login.__init__ - INFO - driver in page - Test Login | Practice Test Automation
17-11-25 07:56:08 PM - TestLogin.class_setup - INFO - Test completed successfully
17-11-25 07:56:08 PM - NoClass.browser_setup - INFO - No browser specified in run time
17-11-25 07:56:08 PM - NoClass.browser_setup - INFO - Opening chrome browser
17-11-25 07:56:12 PM - Login.__init__ - INFO - username set successfully as incorrectUser
17-11-25 07:56:12 PM - Login.__init__ - INFO - username set successfully as Password123
17-11-25 07:56:12 PM - Login.__init__ - INFO - login button is clicked successfully
17-11-25 07:56:14 PM - TestLogin.class_setup - INFO - Test completed successfully
17-11-25 07:56:15 PM - NoClass.browser_setup - INFO - No browser specified in run time
17-11-25 07:56:15 PM - NoClass.browser_setup - INFO - Opening chrome browser
17-11-25 07:56:19 PM - Login.__init__ - INFO - username set successfully as student
17-11-25 07:56:19 PM - Login.__init__ - INFO - username set successfully as IncorrectPassword
17-11-25 07:56:19 PM - Login.__init__ - INFO - login button is clicked successfully
17-11-25 07:56:21 PM - TestLogin.class_setup - INFO - Test completed successfully
17-11-25 07:56:21 PM - NoClass.browser_setup - INFO - No browser specified in run time
17-11-25 07:56:21 PM - NoClass.browser_setup - INFO - Opening chrome browser
17-11-25 07:56:26 PM - Login.__init__ - INFO - username set successfully as student
17-11-25 07:56:26 PM - Login.__init__ - INFO - username set successfully as Password123
17-11-25 07:56:27 PM - Login.__init__ - INFO - login button is clicked successfully
17-11-25 07:56:30 PM - Login.__init__ - INFO - logout button is clicked successfully
17-11-25 07:56:30 PM - Login.__init__ - INFO - New page Loaded - Test Login | Practice Test Automation
17-11-25 07:56:30 PM - Login.__init__ - INFO - driver in page - Test Login | Practice Test Automation
17-11-25 07:56:30 PM - TestLogin.class_setup - ERROR - Test failed
17-11-25 07:56:30 PM - TestLogin.class_setup - ERROR - assert False
17-11-25 07:56:30 PM - NoClass.browser_setup - INFO - No browser specified in run time
17-11-25 07:56:30 PM - NoClass.browser_setup - INFO - Opening chrome browser
17-11-25 07:56:35 PM - Login.__init__ - INFO - username set successfully as incorrectUser
17-11-25 07:56:35 PM - Login.__init__ - INFO - username set successfully as Password123
17-11-25 07:56:35 PM - Login.__init__ - INFO - login button is clicked successfully
17-11-25 07:56:37 PM - TestLogin.class_setup - ERROR - Test failed
17-11-25 07:56:37 PM - TestLogin.class_setup - ERROR - assert False
17-11-25 07:56:37 PM - NoClass.browser_setup - INFO - No browser specified in run time
17-11-25 07:56:37 PM - NoClass.browser_setup - INFO - Opening chrome browser
17-11-25 07:56:42 PM - Login.__init__ - INFO - username set successfully as student
17-11-25 07:56:42 PM - Login.__init__ - INFO - username set successfully as IncorrectPassword
17-11-25 07:56:42 PM - Login.__init__ - INFO - login button is clicked successfully
17-11-25 07:56:44 PM - TestLogin.class_setup - INFO - Test completed successfully
17-11-25 08:04:13 PM - NoClass.browser_setup - INFO - No browser specified in run time
17-11-25 08:04:13 PM - NoClass.browser_setup - INFO - Opening chrome browser
17-11-25 08:04:17 PM - Login.__init__ - INFO - username set successfully as student
17-11-25 08:04:17 PM - Login.__init__ - INFO - username set successfully as Password123
17-11-25 08:04:18 PM - Login.__init__ - INFO - login button is clicked successfully
17-11-25 08:04:22 PM - Login.__init__ - INFO - logout button is clicked successfully
17-11-25 08:04:22 PM - Login.__init__ - INFO - New page Loaded - Test Login | Practice Test Automation
17-11-25 08:04:22 PM - Login.__init__ - INFO - driver in page - Test Login | Practice Test Automation
17-11-25 08:04:22 PM - NoClass.browser_setup - INFO - No browser specified in run time
17-11-25 08:04:22 PM - NoClass.browser_setup - INFO - Opening chrome browser
17-11-25 08:04:26 PM - Login.__init__ - INFO - username set successfully as incorrectUser
17-11-25 08:04:26 PM - Login.__init__ - INFO - username set successfully as Password123
17-11-25 08:04:27 PM - Login.__init__ - INFO - login button is clicked successfully
17-11-25 08:04:29 PM - NoClass.browser_setup - INFO - No browser specified in run time
17-11-25 08:04:29 PM - NoClass.browser_setup - INFO - Opening chrome browser
17-11-25 08:04:33 PM - Login.__init__ - INFO - username set successfully as student
17-11-25 08:04:33 PM - Login.__init__ - INFO - username set successfully as incorrectPassword
17-11-25 08:04:33 PM - Login.__init__ - INFO - login button is clicked successfully
17-11-25 08:04:36 PM - NoClass.browser_setup - INFO - No browser specified in run time
17-11-25 08:04:36 PM - NoClass.browser_setup - INFO - Opening chrome browser
17-11-25 08:04:40 PM - Login.__init__ - INFO - username set successfully as student
17-11-25 08:04:40 PM - Login.__init__ - INFO - username set successfully as Password123
17-11-25 08:04:41 PM - Login.__init__ - INFO - login button is clicked successfully
17-11-25 08:04:44 PM - Login.__init__ - INFO - logout button is clicked successfully
17-11-25 08:04:44 PM - Login.__init__ - INFO - New page Loaded - Test Login | Practice Test Automation
17-11-25 08:04:44 PM - Login.__init__ - INFO - driver in page - Test Login | Practice Test Automation
17-11-25 08:04:44 PM - TestLogin.class_setup - INFO - Test completed successfully
17-11-25 08:04:45 PM - NoClass.browser_setup - INFO - No browser specified in run time
17-11-25 08:04:45 PM - NoClass.browser_setup - INFO - Opening chrome browser
17-11-25 08:04:49 PM - Login.__init__ - INFO - username set successfully as incorrectUser
17-11-25 08:04:49 PM - Login.__init__ - INFO - username set successfully as Password123
17-11-25 08:04:49 PM - Login.__init__ - INFO - login button is clicked successfully
17-11-25 08:04:51 PM - TestLogin.class_setup - INFO - Test completed successfully
17-11-25 08:04:52 PM - NoClass.browser_setup - INFO - No browser specified in run time
17-11-25 08:04:52 PM - NoClass.browser_setup - INFO - Opening chrome browser
17-11-25 08:04:56 PM - Login.__init__ - INFO - username set successfully as student
17-11-25 08:04:56 PM - Login.__init__ - INFO - username set successfully as IncorrectPassword
17-11-25 08:04:56 PM - Login.__init__ - INFO - login button is clicked successfully
17-11-25 08:04:58 PM - TestLogin.class_setup - INFO - Test completed successfully
17-11-25 08:04:59 PM - NoClass.browser_setup - INFO - No browser specified in run time
17-11-25 08:04:59 PM - NoClass.browser_setup - INFO - Opening chrome browser
17-11-25 08:05:03 PM - Login.__init__ - INFO - username set successfully as student
17-11-25 08:05:03 PM - Login.__init__ - INFO - username set successfully as Password123
17-11-25 08:05:04 PM - Login.__init__ - INFO - login button is clicked successfully
17-11-25 08:05:08 PM - Login.__init__ - INFO - logout button is clicked successfully
17-11-25 08:05:08 PM - Login.__init__ - INFO - New page Loaded - Test Login | Practice Test Automation
17-11-25 08:05:08 PM - Login.__init__ - INFO - driver in page - Test Login | Practice Test Automation
17-11-25 08:05:08 PM - TestLogin.class_setup - ERROR - Test failed
17-11-25 08:05:08 PM - TestLogin.class_setup - ERROR - assert False
17-11-25 08:05:08 PM - NoClass.browser_setup - INFO - No browser specified in run time
17-11-25 08:05:08 PM - NoClass.browser_setup - INFO - Opening chrome browser
17-11-25 08:05:12 PM - Login.__init__ - INFO - username set successfully as incorrectUser
17-11-25 08:05:13 PM - Login.__init__ - INFO - username set successfully as Password123
17-11-25 08:05:13 PM - Login.__init__ - INFO - login button is clicked successfully
17-11-25 08:05:15 PM - TestLogin.class_setup - ERROR - Test failed
17-11-25 08:05:15 PM - TestLogin.class_setup - ERROR - assert False
17-11-25 08:05:15 PM - NoClass.browser_setup - INFO - No browser specified in run time
17-11-25 08:05:15 PM - NoClass.browser_setup - INFO - Opening chrome browser
17-11-25 08:05:19 PM - Login.__init__ - INFO - username set successfully as student
17-11-25 08:05:20 PM - Login.__init__ - INFO - username set successfully as IncorrectPassword
17-11-25 08:05:20 PM - Login.__init__ - INFO - login button is clicked successfully
17-11-25 08:05:22 PM - TestLogin.class_setup - INFO - Test completed successfully
17-11-25 08:05:22 PM - NoClass.browser_setup - INFO - No browser specified in run time
17-11-25 08:05:22 PM - NoClass.browser_setup - INFO - Opening chrome browser
17-11-25 08:05:26 PM - Login.__init__ - INFO - username set successfully as student
17-11-25 08:05:27 PM - Login.__init__ - INFO - username set successfully as Password123
17-11-25 08:05:28 PM - Login.__init__ - INFO - login button is clicked successfully
17-11-25 08:05:31 PM - Login.__init__ - INFO - logout button is clicked successfully
17-11-25 08:05:31 PM - Login.__init__ - INFO - New page Loaded - Test Login | Practice Test Automation
17-11-25 08:05:31 PM - Login.__init__ - INFO - driver in page - Test Login | Practice Test Automation
17-11-25 08:05:31 PM - TestLogin.class_setup - INFO - Test completed successfully
17-11-25 08:05:31 PM - NoClass.browser_setup - INFO - No browser specified in run time
17-11-25 08:05:31 PM - NoClass.browser_setup - INFO - Opening chrome browser
17-11-25 08:05:36 PM - Login.__init__ - INFO - username set successfully as incorrectUser
17-11-25 08:05:36 PM - Login.__init__ - INFO - username set successfully as Password123
17-11-25 08:05:36 PM - Login.__init__ - INFO - login button is clicked successfully
17-11-25 08:05:38 PM - TestLogin.class_setup - INFO - Test completed successfully
17-11-25 08:05:38 PM - NoClass.browser_setup - INFO - No browser specified in run time
17-11-25 08:05:38 PM - NoClass.browser_setup - INFO - Opening chrome browser
17-11-25 08:05:43 PM - Login.__init__ - INFO - username set successfully as student
17-11-25 08:05:43 PM - Login.__init__ - INFO - username set successfully as IncorrectPassword
17-11-25 08:05:43 PM - Login.__init__ - INFO - login button is clicked successfully
17-11-25 08:05:45 PM - TestLogin.class_setup - INFO - Test completed successfully
17-11-25 08:05:45 PM - NoClass.browser_setup - INFO - No browser specified in run time
17-11-25 08:05:45 PM - NoClass.browser_setup - INFO - Opening chrome browser
17-11-25 08:05:50 PM - Login.__init__ - INFO - username set successfully as student
17-11-25 08:05:50 PM - Login.__init__ - INFO - username set successfully as Password123
17-11-25 08:05:51 PM - Login.__init__ - INFO - login button is clicked successfully
17-11-25 08:05:55 PM - Login.__init__ - INFO - logout button is clicked successfully
17-11-25 08:05:55 PM - Login.__init__ - INFO - New page Loaded - Test Login | Practice Test Automation
17-11-25 08:05:55 PM - Login.__init__ - INFO - driver in page - Test Login | Practice Test Automation
17-11-25 08:05:55 PM - TestLogin.class_setup - ERROR - Test failed
17-11-25 08:05:55 PM - TestLogin.class_setup - ERROR - assert False
17-11-25 08:05:55 PM - NoClass.browser_setup - INFO - No browser specified in run time
17-11-25 08:05:55 PM - NoClass.browser_setup - INFO - Opening chrome browser
17-11-25 08:05:59 PM - Login.__init__ - INFO - username set successfully as incorrectUser
17-11-25 08:05:59 PM - Login.__init__ - INFO - username set successfully as Password123
17-11-25 08:05:59 PM - Login.__init__ - INFO - login button is clicked successfully
17-11-25 08:06:02 PM - TestLogin.class_setup - ERROR - Test failed
17-11-25 08:06:02 PM - TestLogin.class_setup - ERROR - assert False
17-11-25 08:06:02 PM - NoClass.browser_setup - INFO - No browser specified in run time
17-11-25 08:06:02 PM - NoClass.browser_setup - INFO - Opening chrome browser
17-11-25 08:06:06 PM - Login.__init__ - INFO - username set successfully as student
17-11-25 08:06:06 PM - Login.__init__ - INFO - username set successfully as IncorrectPassword
17-11-25 08:06:06 PM - Login.__init__ - INFO - login button is clicked successfully
17-11-25 08:06:08 PM - TestLogin.class_setup - INFO - Test completed successfully
17-11-25 08:10:48 PM - NoClass.browser_setup - INFO - No browser specified in run time
17-11-25 08:10:48 PM - NoClass.browser_setup - INFO - Opening chrome browser
17-11-25 08:10:52 PM - Login.__init__ - INFO - username set successfully as student
17-11-25 08:10:52 PM - Login.__init__ - INFO - username set successfully as Password123
17-11-25 08:10:53 PM - Login.__init__ - INFO - login button is clicked successfully
17-11-25 08:10:57 PM - Login.__init__ - INFO - logout button is clicked successfully
17-11-25 08:10:57 PM - Login.__init__ - INFO - New page Loaded - Test Login | Practice Test Automation
17-11-25 08:10:57 PM - Login.__init__ - INFO - driver in page - Test Login | Practice Test Automation
17-11-25 08:10:57 PM - NoClass.browser_setup - INFO - No browser specified in run time
17-11-25 08:10:57 PM - NoClass.browser_setup - INFO - Opening chrome browser
17-11-25 08:11:01 PM - Login.__init__ - INFO - username set successfully as incorrectUser
17-11-25 08:11:01 PM - Login.__init__ - INFO - username set successfully as Password123
17-11-25 08:11:01 PM - Login.__init__ - INFO - login button is clicked successfully
17-11-25 08:11:04 PM - NoClass.browser_setup - INFO - No browser specified in run time
17-11-25 08:11:04 PM - NoClass.browser_setup - INFO - Opening chrome browser
17-11-25 08:11:08 PM - Login.__init__ - INFO - username set successfully as student
17-11-25 08:11:08 PM - Login.__init__ - INFO - username set successfully as incorrectPassword
17-11-25 08:11:08 PM - Login.__init__ - INFO - login button is clicked successfully
17-11-25 08:11:11 PM - NoClass.browser_setup - INFO - No browser specified in run time
17-11-25 08:11:11 PM - NoClass.browser_setup - INFO - Opening chrome browser
17-11-25 08:11:15 PM - Login.__init__ - INFO - username set successfully as student
17-11-25 08:11:15 PM - Login.__init__ - INFO - username set successfully as Password123
17-11-25 08:11:16 PM - Login.__init__ - INFO - login button is clicked successfully
17-11-25 08:11:20 PM - Login.__init__ - INFO - logout button is clicked successfully
17-11-25 08:11:20 PM - Login.__init__ - INFO - New page Loaded - Test Login | Practice Test Automation
17-11-25 08:11:20 PM - Login.__init__ - INFO - driver in page - Test Login | Practice Test Automation
17-11-25 08:11:20 PM - TestLogin.class_setup - INFO - Test completed successfully
17-11-25 08:11:20 PM - NoClass.browser_setup - INFO - No browser specified in run time
17-11-25 08:11:20 PM - NoClass.browser_setup - INFO - Opening chrome browser
17-11-25 08:11:24 PM - Login.__init__ - INFO - username set successfully as incorrectUser
17-11-25 08:11:25 PM - Login.__init__ - INFO - username set successfully as Password123
17-11-25 08:11:25 PM - Login.__init__ - INFO - login button is clicked successfully
17-11-25 08:11:27 PM - TestLogin.class_setup - INFO - Test completed successfully
17-11-25 08:11:27 PM - NoClass.browser_setup - INFO - No browser specified in run time
17-11-25 08:11:27 PM - NoClass.browser_setup - INFO - Opening chrome browser
17-11-25 08:11:31 PM - Login.__init__ - INFO - username set successfully as student
17-11-25 08:11:31 PM - Login.__init__ - INFO - username set successfully as IncorrectPassword
17-11-25 08:11:32 PM - Login.__init__ - INFO - login button is clicked successfully
17-11-25 08:11:34 PM - TestLogin.class_setup - INFO - Test completed successfully
17-11-25 08:11:34 PM - NoClass.browser_setup - INFO - No browser specified in run time
17-11-25 08:11:34 PM - NoClass.browser_setup - INFO - Opening chrome browser
17-11-25 08:11:38 PM - Login.__init__ - INFO - username set successfully as student
17-11-25 08:11:39 PM - Login.__init__ - INFO - username set successfully as Password123
17-11-25 08:11:40 PM - Login.__init__ - INFO - login button is clicked successfully
17-11-25 08:11:43 PM - Login.__init__ - INFO - logout button is clicked successfully
17-11-25 08:11:43 PM - Login.__init__ - INFO - New page Loaded - Test Login | Practice Test Automation
17-11-25 08:11:43 PM - Login.__init__ - INFO - driver in page - Test Login | Practice Test Automation
17-11-25 08:11:43 PM - TestLogin.class_setup - ERROR - Test failed
17-11-25 08:11:43 PM - TestLogin.class_setup - ERROR - assert False
17-11-25 08:11:44 PM - NoClass.browser_setup - INFO - No browser specified in run time
17-11-25 08:11:44 PM - NoClass.browser_setup - INFO - Opening chrome browser
17-11-25 08:11:49 PM - Login.__init__ - INFO - username set successfully as incorrectUser
17-11-25 08:11:49 PM - Login.__init__ - INFO - username set successfully as Password123
17-11-25 08:11:49 PM - Login.__init__ - INFO - login button is clicked successfully
17-11-25 08:11:51 PM - TestLogin.class_setup - ERROR - Test failed
17-11-25 08:11:51 PM - TestLogin.class_setup - ERROR - assert False
17-11-25 08:11:52 PM - NoClass.browser_setup - INFO - No browser specified in run time
17-11-25 08:11:52 PM - NoClass.browser_setup - INFO - Opening chrome browser
17-11-25 08:11:56 PM - Login.__init__ - INFO - username set successfully as student
17-11-25 08:11:57 PM - Login.__init__ - INFO - username set successfully as IncorrectPassword
17-11-25 08:11:57 PM - Login.__init__ - INFO - login button is clicked successfully
17-11-25 08:11:59 PM - TestLogin.class_setup - INFO - Test completed successfully
17-11-25 08:11:59 PM - NoClass.browser_setup - INFO - No browser specified in run time
17-11-25 08:11:59 PM - NoClass.browser_setup - INFO - Opening chrome browser
17-11-25 08:12:03 PM - Login.__init__ - INFO - username set successfully as student
17-11-25 08:12:04 PM - Login.__init__ - INFO - username set successfully as Password123
17-11-25 08:12:04 PM - Login.__init__ - INFO - login button is clicked successfully
17-11-25 08:12:08 PM - Login.__init__ - INFO - logout button is clicked successfully
17-11-25 08:12:08 PM - Login.__init__ - INFO - New page Loaded - Test Login | Practice Test Automation
17-11-25 08:12:08 PM - Login.__init__ - INFO - driver in page - Test Login | Practice Test Automation
17-11-25 08:12:08 PM - TestLogin.class_setup - INFO - Test completed successfully
17-11-25 08:12:08 PM - NoClass.browser_setup - INFO - No browser specified in run time
17-11-25 08:12:08 PM - NoClass.browser_setup - INFO - Opening chrome browser
17-11-25 08:12:12 PM - Login.__init__ - INFO - username set successfully as incorrectUser
17-11-25 08:12:12 PM - Login.__init__ - INFO - username set successfully as Password123
17-11-25 08:12:13 PM - Login.__init__ - INFO - login button is clicked successfully
17-11-25 08:12:15 PM - TestLogin.class_setup - INFO - Test completed successfully
17-11-25 08:12:15 PM - NoClass.browser_setup - INFO - No browser specified in run time
17-11-25 08:12:15 PM - NoClass.browser_setup - INFO - Opening chrome browser
17-11-25 08:12:19 PM - Login.__init__ - INFO - username set successfully as student
17-11-25 08:12:19 PM - Login.__init__ - INFO - username set successfully as IncorrectPassword
17-11-25 08:12:19 PM - Login.__init__ - INFO - login button is clicked successfully
17-11-25 08:12:21 PM - TestLogin.class_setup - INFO - Test completed successfully
17-11-25 08:12:22 PM - NoClass.browser_setup - INFO - No browser specified in run time
17-11-25 08:12:22 PM - NoClass.browser_setup - INFO - Opening chrome browser
17-11-25 08:12:26 PM - Login.__init__ - INFO - username set successfully as student
17-11-25 08:12:26 PM - Login.__init__ - INFO - username set successfully as Password123
17-11-25 08:12:27 PM - Login.__init__ - INFO - login button is clicked successfully
17-11-25 08:12:30 PM - Login.__init__ - INFO - logout button is clicked successfully
17-11-25 08:12:30 PM - Login.__init__ - INFO - New page Loaded - Test Login | Practice Test Automation
17-11-25 08:12:30 PM - Login.__init__ - INFO - driver in page - Test Login | Practice Test Automation
17-11-25 08:12:30 PM - TestLogin.class_setup - ERROR - Test failed
17-11-25 08:12:30 PM - TestLogin.class_setup - ERROR - assert False
17-11-25 08:12:30 PM - NoClass.browser_setup - INFO - No browser specified in run time
17-11-25 08:12:30 PM - NoClass.browser_setup - INFO - Opening chrome browser
17-11-25 08:12:35 PM - Login.__init__ - INFO - username set successfully as incorrectUser
17-11-25 08:12:35 PM - Login.__init__ - INFO - username set successfully as Password123
17-11-25 08:12:35 PM - Login.__init__ - INFO - login button is clicked successfully
17-11-25 08:12:37 PM - TestLogin.class_setup - ERROR - Test failed
17-11-25 08:12:37 PM - TestLogin.class_setup - ERROR - assert False
17-11-25 08:12:38 PM - NoClass.browser_setup - INFO - No browser specified in run time
17-11-25 08:12:38 PM - NoClass.browser_setup - INFO - Opening chrome browser
17-11-25 08:12:42 PM - Login.__init__ - INFO - username set successfully as student
17-11-25 08:12:42 PM - Login.__init__ - INFO - username set successfully as IncorrectPassword
17-11-25 08:12:42 PM - Login.__init__ - INFO - login button is clicked successfully
17-11-25 08:12:44 PM - TestLogin.class_setup - INFO - Test completed successfully
