09-11-25 02:58:40 PM - NoClass.browser_setup - INFO - Opening edge browser
09-11-25 02:58:46 PM - NoClass.Test_Stop_Values - INFO - *********************************** Started testing test_onestop******************************************
09-11-25 02:58:46 PM - Login.__init__ - INFO - Excluding login button
09-11-25 02:58:46 PM - Login.__init__ - INFO - logging button excluded
09-11-25 02:58:46 PM - Login.__init__ - INFO - New page Loaded - Flight, Cheap Air Tickets , Hotels, Holiday, Trains Package Booking - Yatra.com
09-11-25 02:58:46 PM - Login.__init__ - INFO - driver in page - Flight, Cheap Air Tickets , Hotels, Holiday, Trains Package Booking - Yatra.com
09-11-25 02:58:46 PM - SearchFlights.__init__ - INFO - Setting source to 'Chennai'
09-11-25 02:58:49 PM - SearchFlights.__init__ - INFO - element is located
09-11-25 02:58:49 PM - SearchFlights.__init__ - DEBUG - source set to 'Chennai'
09-11-25 02:58:49 PM - SearchFlights.__init__ - INFO - Setting destination to 'Kuwait'
09-11-25 02:58:51 PM - SearchFlights.__init__ - INFO - element is located
09-11-25 02:58:52 PM - SearchFlights.__init__ - DEBUG - destination set to 'Kuwait'
09-11-25 02:58:52 PM - SearchFlights.__init__ - INFO - Setting journey date as'15/01/2026'
09-11-25 02:58:53 PM - SearchFlights.__init__ - INFO -  journey date set to '15/01/2026'
09-11-25 02:58:53 PM - SearchFlights.__init__ - INFO - Performing search
09-11-25 02:58:53 PM - SearchFlights.__init__ - INFO - Successfully performed search
09-11-25 02:59:22 PM - SearchFlights.__init__ - INFO - New page Loaded - Yatra.com | Chennai to Kuwait flights
09-11-25 02:59:22 PM - SearchFlights.__init__ - INFO - driver in page - Yatra.com | Chennai to Kuwait flights
09-11-25 02:59:22 PM - FlightResults.__init__ - INFO - clicking one stop
09-11-25 02:59:22 PM - FlightResults.__init__ - INFO - clicking one stop successful
09-11-25 02:59:22 PM - FlightResults.__init__ - INFO - scrolling down through page
09-11-25 02:59:36 PM - FlightResults.__init__ - INFO - final height of the page 7435
09-11-25 02:59:36 PM - FlightResults.__init__ - INFO - scroll down complete
09-11-25 02:59:36 PM - FlightResults.__init__ - INFO - fetching stop values
09-11-25 02:59:36 PM - FlightResults.__init__ - INFO - collected stop values from results
09-11-25 02:59:36 PM - FlightResults.__init__ - INFO - no of stop values collected are :  71
09-11-25 02:59:36 PM - Utils.compare_text_of_elements - INFO - no of values to be verified : 71
09-11-25 02:59:36 PM - Utils.compare_text_of_elements - INFO - element 1 Stop was verified : 1 Stop
09-11-25 02:59:36 PM - Utils.compare_text_of_elements - INFO - element 1 Stop was verified : 1 Stop
09-11-25 02:59:36 PM - Utils.compare_text_of_elements - INFO - element 1 Stop was verified : 1 Stop
09-11-25 02:59:36 PM - Utils.compare_text_of_elements - INFO - element 1 Stop was verified : 1 Stop
09-11-25 02:59:36 PM - Utils.compare_text_of_elements - INFO - element 1 Stop was verified : 1 Stop
09-11-25 02:59:36 PM - Utils.compare_text_of_elements - INFO - element 1 Stop was verified : 1 Stop
09-11-25 02:59:36 PM - Utils.compare_text_of_elements - INFO - element 1 Stop was verified : 1 Stop
09-11-25 02:59:36 PM - Utils.compare_text_of_elements - INFO - element 1 Stop was verified : 1 Stop
09-11-25 02:59:36 PM - Utils.compare_text_of_elements - INFO - element 1 Stop was verified : 1 Stop
09-11-25 02:59:36 PM - Utils.compare_text_of_elements - INFO - element 1 Stop was verified : 1 Stop
09-11-25 02:59:36 PM - Utils.compare_text_of_elements - INFO - element 1 Stop was verified : 1 Stop
09-11-25 02:59:36 PM - Utils.compare_text_of_elements - INFO - element 1 Stop was verified : 1 Stop
09-11-25 02:59:36 PM - Utils.compare_text_of_elements - INFO - element 1 Stop was verified : 1 Stop
09-11-25 02:59:36 PM - Utils.compare_text_of_elements - INFO - element 1 Stop was verified : 1 Stop
09-11-25 02:59:36 PM - Utils.compare_text_of_elements - INFO - element 1 Stop was verified : 1 Stop
09-11-25 02:59:37 PM - Utils.compare_text_of_elements - INFO - element 1 Stop was verified : 1 Stop
09-11-25 02:59:37 PM - Utils.compare_text_of_elements - INFO - element 1 Stop was verified : 1 Stop
09-11-25 02:59:37 PM - Utils.compare_text_of_elements - INFO - element 1 Stop was verified : 1 Stop
09-11-25 02:59:37 PM - Utils.compare_text_of_elements - INFO - element 1 Stop was verified : 1 Stop
09-11-25 02:59:37 PM - Utils.compare_text_of_elements - INFO - element 1 Stop was verified : 1 Stop
09-11-25 02:59:37 PM - Utils.compare_text_of_elements - INFO - element 1 Stop was verified : 1 Stop
09-11-25 02:59:37 PM - Utils.compare_text_of_elements - INFO - element 1 Stop was verified : 1 Stop
09-11-25 02:59:37 PM - Utils.compare_text_of_elements - INFO - element 1 Stop was verified : 1 Stop
09-11-25 02:59:37 PM - Utils.compare_text_of_elements - INFO - element 1 Stop was verified : 1 Stop
09-11-25 02:59:37 PM - Utils.compare_text_of_elements - INFO - element 1 Stop was verified : 1 Stop
09-11-25 02:59:37 PM - Utils.compare_text_of_elements - INFO - element 1 Stop was verified : 1 Stop
09-11-25 02:59:37 PM - Utils.compare_text_of_elements - INFO - element 1 Stop was verified : 1 Stop
09-11-25 02:59:37 PM - Utils.compare_text_of_elements - INFO - element 1 Stop was verified : 1 Stop
09-11-25 02:59:37 PM - NoClass.Test_Stop_Values - INFO - ***********************************test_onestop completed*****************************************
09-11-25 02:59:37 PM - NoClass.browser_setup - INFO - Opening edge browser
09-11-25 02:59:43 PM - NoClass.Test_Stop_Values - INFO - *********************************** Started testing test_two_stops******************************************
09-11-25 02:59:43 PM - Login.__init__ - INFO - Excluding login button
09-11-25 02:59:43 PM - Login.__init__ - INFO - logging button excluded
09-11-25 02:59:43 PM - Login.__init__ - INFO - New page Loaded - Flight, Cheap Air Tickets , Hotels, Holiday, Trains Package Booking - Yatra.com
09-11-25 02:59:43 PM - Login.__init__ - INFO - driver in page - Flight, Cheap Air Tickets , Hotels, Holiday, Trains Package Booking - Yatra.com
09-11-25 02:59:43 PM - SearchFlights.__init__ - INFO - Setting source to 'Chennai'
09-11-25 02:59:46 PM - SearchFlights.__init__ - INFO - element is located
09-11-25 02:59:46 PM - SearchFlights.__init__ - DEBUG - source set to 'Chennai'
09-11-25 02:59:46 PM - SearchFlights.__init__ - INFO - Setting destination to 'Kuwait'
09-11-25 02:59:48 PM - SearchFlights.__init__ - INFO - element is located
09-11-25 02:59:49 PM - SearchFlights.__init__ - DEBUG - destination set to 'Kuwait'
09-11-25 02:59:49 PM - SearchFlights.__init__ - INFO - Setting journey date as'15/01/2026'
09-11-25 02:59:50 PM - SearchFlights.__init__ - INFO -  journey date set to '15/01/2026'
09-11-25 02:59:50 PM - SearchFlights.__init__ - INFO - Performing search
09-11-25 02:59:50 PM - SearchFlights.__init__ - INFO - Successfully performed search
09-11-25 03:00:19 PM - SearchFlights.__init__ - INFO - New page Loaded - Yatra.com | Chennai to Kuwait flights
09-11-25 03:00:19 PM - SearchFlights.__init__ - INFO - driver in page - Yatra.com | Chennai to Kuwait flights
09-11-25 03:00:19 PM - FlightResults.__init__ - INFO - clicking two stops
09-11-25 03:00:19 PM - FlightResults.__init__ - INFO - clicking two stops successful
09-11-25 03:00:19 PM - FlightResults.__init__ - INFO - scrolling down through page
09-11-25 03:00:21 PM - FlightResults.__init__ - INFO - final height of the page 1302
09-11-25 03:00:21 PM - FlightResults.__init__ - INFO - scroll down complete
09-11-25 03:00:21 PM - FlightResults.__init__ - INFO - fetching stop values
09-11-25 03:00:21 PM - FlightResults.__init__ - INFO - collected stop values from results
09-11-25 03:00:21 PM - FlightResults.__init__ - INFO - no of stop values collected are :  3
09-11-25 03:00:21 PM - Utils.compare_text_of_elements - INFO - no of values to be verified : 3
09-11-25 03:00:21 PM - Utils.compare_text_of_elements - INFO - element 2 Stops was verified : 2 Stops
09-11-25 03:00:21 PM - Utils.compare_text_of_elements - INFO - element 2 Stops was verified : 2 Stops
09-11-25 03:00:21 PM - Utils.compare_text_of_elements - INFO - element 2 Stops was verified : 2 Stops
09-11-25 03:00:21 PM - NoClass.Test_Stop_Values - INFO - ***********************************test_two_stops completed******************************************
09-11-25 03:00:21 PM - NoClass.browser_setup - INFO - Opening edge browser
09-11-25 03:00:26 PM - NoClass.Test_Stop_Values - INFO - ***********************************Started testing test_non_stop******************************************
09-11-25 03:00:26 PM - Login.__init__ - INFO - Excluding login button
09-11-25 03:00:27 PM - Login.__init__ - INFO - logging button excluded
09-11-25 03:00:27 PM - Login.__init__ - INFO - New page Loaded - Flight, Cheap Air Tickets , Hotels, Holiday, Trains Package Booking - Yatra.com
09-11-25 03:00:27 PM - Login.__init__ - INFO - driver in page - Flight, Cheap Air Tickets , Hotels, Holiday, Trains Package Booking - Yatra.com
09-11-25 03:00:27 PM - SearchFlights.__init__ - INFO - Setting source to 'Chennai'
09-11-25 03:00:29 PM - SearchFlights.__init__ - INFO - element is located
09-11-25 03:00:29 PM - SearchFlights.__init__ - DEBUG - source set to 'Chennai'
09-11-25 03:00:29 PM - SearchFlights.__init__ - INFO - Setting destination to 'Kuwait'
09-11-25 03:00:32 PM - SearchFlights.__init__ - INFO - element is located
09-11-25 03:00:32 PM - SearchFlights.__init__ - DEBUG - destination set to 'Kuwait'
09-11-25 03:00:32 PM - SearchFlights.__init__ - INFO - Setting journey date as'15/01/2026'
09-11-25 03:00:33 PM - SearchFlights.__init__ - INFO -  journey date set to '15/01/2026'
09-11-25 03:00:33 PM - SearchFlights.__init__ - INFO - Performing search
09-11-25 03:00:34 PM - SearchFlights.__init__ - INFO - Successfully performed search
09-11-25 03:01:03 PM - SearchFlights.__init__ - INFO - New page Loaded - Yatra.com | Chennai to Kuwait flights
09-11-25 03:01:03 PM - SearchFlights.__init__ - INFO - driver in page - Yatra.com | Chennai to Kuwait flights
09-11-25 03:01:03 PM - FlightResults.__init__ - INFO - clicking non stop
09-11-25 03:01:03 PM - FlightResults.__init__ - INFO - clicking non stop successful
09-11-25 03:01:03 PM - FlightResults.__init__ - INFO - scrolling down through page
09-11-25 03:01:07 PM - FlightResults.__init__ - INFO - final height of the page 1154
09-11-25 03:01:07 PM - FlightResults.__init__ - INFO - scroll down complete
09-11-25 03:01:07 PM - FlightResults.__init__ - INFO - fetching stop values
09-11-25 03:01:07 PM - FlightResults.__init__ - INFO - collected stop values from results
09-11-25 03:01:07 PM - FlightResults.__init__ - INFO - no of stop values collected are :  2
09-11-25 03:01:07 PM - Utils.compare_text_of_elements - INFO - no of values to be verified : 2
09-11-25 03:01:07 PM - Utils.compare_text_of_elements - INFO - element Non Stop was verified : Non Stop
09-11-25 03:01:07 PM - Utils.compare_text_of_elements - INFO - element Non Stop was verified : Non Stop
09-11-25 03:01:07 PM - NoClass.Test_Stop_Values - INFO - ***********************************test_non_stop completed******************************************
