09-11-25 02:31:50 PM - NoClass.browser_setup - INFO - Opening edge browser
09-11-25 02:31:56 PM - NoClass.Test_Stop_Values - INFO - *********************************** Started testing test_onestop******************************************
09-11-25 02:31:56 PM - Login.__init__ - INFO - Excluding login button
09-11-25 02:31:56 PM - Login.__init__ - INFO - logging button excluded
09-11-25 02:31:56 PM - Login.__init__ - INFO - New page Loaded - Flight, Cheap Air Tickets , Hotels, Holiday, Trains Package Booking - Yatra.com
09-11-25 02:31:56 PM - Login.__init__ - INFO - driver in page - Flight, Cheap Air Tickets , Hotels, Holiday, Trains Package Booking - Yatra.com
09-11-25 02:31:56 PM - SearchFlights.__init__ - INFO - Setting source to 'Chennai'
09-11-25 02:31:59 PM - SearchFlights.__init__ - INFO - element is located
09-11-25 02:31:59 PM - SearchFlights.__init__ - DEBUG - source set to 'Chennai'
09-11-25 02:31:59 PM - SearchFlights.__init__ - INFO - Setting destination to 'Kuwait'
09-11-25 02:32:01 PM - SearchFlights.__init__ - INFO - element is located
09-11-25 02:32:02 PM - SearchFlights.__init__ - DEBUG - destination set to 'Kuwait'
09-11-25 02:32:02 PM - SearchFlights.__init__ - INFO - Setting journey date as'15/01/2026'
09-11-25 02:32:02 PM - SearchFlights.__init__ - INFO -  journey date set to '15/01/2026'
09-11-25 02:32:02 PM - SearchFlights.__init__ - INFO - Performing search
09-11-25 02:32:03 PM - SearchFlights.__init__ - INFO - Successfully performed search
09-11-25 02:32:32 PM - SearchFlights.__init__ - INFO - New page Loaded - Yatra.com | Chennai to Kuwait flights
09-11-25 02:32:32 PM - SearchFlights.__init__ - INFO - driver in page - Yatra.com | Chennai to Kuwait flights
09-11-25 02:32:32 PM - FlightResults.__init__ - INFO - clicking one stop
09-11-25 02:32:32 PM - FlightResults.__init__ - INFO - clicking one stop successful
09-11-25 02:32:32 PM - FlightResults.__init__ - INFO - scrolling down through page
09-11-25 02:32:48 PM - FlightResults.__init__ - INFO - final height of the page 7434
09-11-25 02:32:48 PM - FlightResults.__init__ - INFO - scroll down complete
09-11-25 02:32:48 PM - FlightResults.__init__ - INFO - fetching stop values
09-11-25 02:32:48 PM - FlightResults.__init__ - INFO - collected stop values from results
09-11-25 02:32:48 PM - FlightResults.__init__ - INFO - no of stop values collected are :  71
09-11-25 02:32:48 PM - Utils.compare_text_of_elements - INFO - no of values to be verified : 71
09-11-25 02:32:48 PM - Utils.compare_text_of_elements - INFO - element 1 Stop was verified : 1 Stop
09-11-25 02:32:48 PM - Utils.compare_text_of_elements - INFO - element 1 Stop was verified : 1 Stop
09-11-25 02:32:48 PM - Utils.compare_text_of_elements - INFO - element 1 Stop was verified : 1 Stop
09-11-25 02:32:48 PM - Utils.compare_text_of_elements - INFO - element 1 Stop was verified : 1 Stop
09-11-25 02:32:48 PM - Utils.compare_text_of_elements - INFO - element 1 Stop was verified : 1 Stop
09-11-25 02:32:48 PM - Utils.compare_text_of_elements - INFO - element 1 Stop was verified : 1 Stop
09-11-25 02:32:48 PM - Utils.compare_text_of_elements - INFO - element 1 Stop was verified : 1 Stop
09-11-25 02:32:48 PM - Utils.compare_text_of_elements - INFO - element 1 Stop was verified : 1 Stop
09-11-25 02:32:48 PM - Utils.compare_text_of_elements - INFO - element 1 Stop was verified : 1 Stop
09-11-25 02:32:48 PM - Utils.compare_text_of_elements - INFO - element 1 Stop was verified : 1 Stop
09-11-25 02:32:48 PM - Utils.compare_text_of_elements - INFO - element 1 Stop was verified : 1 Stop
09-11-25 02:32:48 PM - Utils.compare_text_of_elements - INFO - element 1 Stop was verified : 1 Stop
09-11-25 02:32:48 PM - Utils.compare_text_of_elements - INFO - element 1 Stop was verified : 1 Stop
09-11-25 02:32:48 PM - Utils.compare_text_of_elements - INFO - element 1 Stop was verified : 1 Stop
09-11-25 02:32:48 PM - Utils.compare_text_of_elements - INFO - element 1 Stop was verified : 1 Stop
09-11-25 02:32:49 PM - Utils.compare_text_of_elements - INFO - element 1 Stop was verified : 1 Stop
09-11-25 02:32:49 PM - Utils.compare_text_of_elements - INFO - element 1 Stop was verified : 1 Stop
09-11-25 02:32:49 PM - Utils.compare_text_of_elements - INFO - element 1 Stop was verified : 1 Stop
09-11-25 02:32:49 PM - Utils.compare_text_of_elements - INFO - element 1 Stop was verified : 1 Stop
09-11-25 02:32:49 PM - Utils.compare_text_of_elements - INFO - element 1 Stop was verified : 1 Stop
09-11-25 02:32:49 PM - Utils.compare_text_of_elements - INFO - element 1 Stop was verified : 1 Stop
09-11-25 02:32:49 PM - Utils.compare_text_of_elements - INFO - element 1 Stop was verified : 1 Stop
09-11-25 02:32:49 PM - Utils.compare_text_of_elements - INFO - element 1 Stop was verified : 1 Stop
09-11-25 02:32:49 PM - Utils.compare_text_of_elements - INFO - element 1 Stop was verified : 1 Stop
09-11-25 02:32:49 PM - Utils.compare_text_of_elements - INFO - element 1 Stop was verified : 1 Stop
09-11-25 02:32:49 PM - Utils.compare_text_of_elements - INFO - element 1 Stop was verified : 1 Stop
09-11-25 02:32:49 PM - Utils.compare_text_of_elements - INFO - element 1 Stop was verified : 1 Stop
09-11-25 02:32:49 PM - Utils.compare_text_of_elements - INFO - element 1 Stop was verified : 1 Stop
09-11-25 02:32:49 PM - NoClass.Test_Stop_Values - INFO - ***********************************test_onestop completed*****************************************
09-11-25 02:32:49 PM - NoClass.browser_setup - INFO - Opening edge browser
09-11-25 02:32:55 PM - NoClass.Test_Stop_Values - INFO - *********************************** Started testing test_two_stops******************************************
09-11-25 02:32:55 PM - Login.__init__ - INFO - Excluding login button
09-11-25 02:32:55 PM - Login.__init__ - INFO - logging button excluded
09-11-25 02:32:55 PM - Login.__init__ - INFO - New page Loaded - Flight, Cheap Air Tickets , Hotels, Holiday, Trains Package Booking - Yatra.com
09-11-25 02:32:55 PM - Login.__init__ - INFO - driver in page - Flight, Cheap Air Tickets , Hotels, Holiday, Trains Package Booking - Yatra.com
09-11-25 02:32:55 PM - SearchFlights.__init__ - INFO - Setting source to 'Chennai'
09-11-25 02:32:58 PM - SearchFlights.__init__ - INFO - element is located
09-11-25 02:32:58 PM - SearchFlights.__init__ - DEBUG - source set to 'Chennai'
09-11-25 02:32:58 PM - SearchFlights.__init__ - INFO - Setting destination to 'Kuwait'
09-11-25 02:33:00 PM - SearchFlights.__init__ - INFO - element is located
09-11-25 02:33:01 PM - SearchFlights.__init__ - DEBUG - destination set to 'Kuwait'
09-11-25 02:33:01 PM - SearchFlights.__init__ - INFO - Setting journey date as'15/01/2026'
09-11-25 02:33:01 PM - SearchFlights.__init__ - INFO -  journey date set to '15/01/2026'
09-11-25 02:33:01 PM - SearchFlights.__init__ - INFO - Performing search
09-11-25 02:33:02 PM - SearchFlights.__init__ - INFO - Successfully performed search
09-11-25 02:33:55 PM - SearchFlights.__init__ - INFO - New page Loaded - Yatra.com | Chennai to Kuwait flights
09-11-25 02:33:55 PM - SearchFlights.__init__ - INFO - driver in page - Yatra.com | Chennai to Kuwait flights
09-11-25 02:33:55 PM - FlightResults.__init__ - INFO - clicking two stops
09-11-25 02:33:55 PM - FlightResults.__init__ - INFO - clicking two stops successful
09-11-25 02:33:55 PM - FlightResults.__init__ - INFO - scrolling down through page
09-11-25 02:33:59 PM - FlightResults.__init__ - INFO - final height of the page 1302
09-11-25 02:33:59 PM - FlightResults.__init__ - INFO - scroll down complete
09-11-25 02:33:59 PM - FlightResults.__init__ - INFO - fetching stop values
09-11-25 02:33:59 PM - FlightResults.__init__ - INFO - collected stop values from results
09-11-25 02:33:59 PM - FlightResults.__init__ - INFO - no of stop values collected are :  3
09-11-25 02:33:59 PM - Utils.compare_text_of_elements - INFO - no of values to be verified : 3
09-11-25 02:33:59 PM - Utils.compare_text_of_elements - INFO - element 2 Stops was verified : 2 Stops
09-11-25 02:33:59 PM - Utils.compare_text_of_elements - INFO - element 2 Stops was verified : 2 Stops
09-11-25 02:33:59 PM - Utils.compare_text_of_elements - INFO - element 2 Stops was verified : 2 Stops
09-11-25 02:33:59 PM - NoClass.Test_Stop_Values - INFO - ***********************************test_two_stops completed******************************************
09-11-25 02:34:00 PM - NoClass.browser_setup - INFO - Opening edge browser
09-11-25 02:34:05 PM - NoClass.Test_Stop_Values - INFO - ***********************************Started testing test_non_stop******************************************
09-11-25 02:34:05 PM - Login.__init__ - INFO - Excluding login button
09-11-25 02:34:05 PM - Login.__init__ - INFO - logging button excluded
09-11-25 02:34:05 PM - Login.__init__ - INFO - New page Loaded - Flight, Cheap Air Tickets , Hotels, Holiday, Trains Package Booking - Yatra.com
09-11-25 02:34:05 PM - Login.__init__ - INFO - driver in page - Flight, Cheap Air Tickets , Hotels, Holiday, Trains Package Booking - Yatra.com
09-11-25 02:34:05 PM - SearchFlights.__init__ - INFO - Setting source to 'Chennai'
09-11-25 02:34:07 PM - SearchFlights.__init__ - INFO - element is located
09-11-25 02:34:08 PM - SearchFlights.__init__ - DEBUG - source set to 'Chennai'
09-11-25 02:34:08 PM - SearchFlights.__init__ - INFO - Setting destination to 'Kuwait'
09-11-25 02:34:10 PM - SearchFlights.__init__ - INFO - element is located
09-11-25 02:34:10 PM - SearchFlights.__init__ - DEBUG - destination set to 'Kuwait'
09-11-25 02:34:10 PM - SearchFlights.__init__ - INFO - Setting journey date as'15/01/2026'
09-11-25 02:34:11 PM - SearchFlights.__init__ - INFO -  journey date set to '15/01/2026'
09-11-25 02:34:11 PM - SearchFlights.__init__ - INFO - Performing search
09-11-25 02:34:12 PM - SearchFlights.__init__ - INFO - Successfully performed search
09-11-25 02:34:40 PM - SearchFlights.__init__ - INFO - New page Loaded - Yatra.com | Chennai to Kuwait flights
09-11-25 02:34:40 PM - SearchFlights.__init__ - INFO - driver in page - Yatra.com | Chennai to Kuwait flights
09-11-25 02:34:40 PM - FlightResults.__init__ - INFO - clicking non stop
09-11-25 02:34:41 PM - FlightResults.__init__ - INFO - clicking non stop successful
09-11-25 02:34:41 PM - FlightResults.__init__ - INFO - scrolling down through page
09-11-25 02:34:45 PM - FlightResults.__init__ - INFO - final height of the page 1154
09-11-25 02:34:45 PM - FlightResults.__init__ - INFO - scroll down complete
09-11-25 02:34:45 PM - FlightResults.__init__ - INFO - fetching stop values
09-11-25 02:34:45 PM - FlightResults.__init__ - INFO - collected stop values from results
09-11-25 02:34:45 PM - FlightResults.__init__ - INFO - no of stop values collected are :  2
09-11-25 02:34:45 PM - Utils.compare_text_of_elements - INFO - no of values to be verified : 2
09-11-25 02:34:45 PM - Utils.compare_text_of_elements - INFO - element Non Stop was verified : Non Stop
09-11-25 02:34:45 PM - Utils.compare_text_of_elements - INFO - element Non Stop was verified : Non Stop
09-11-25 02:34:45 PM - NoClass.Test_Stop_Values - INFO - ***********************************test_non_stop completed******************************************
